WARNING - VOLUME 11 INTERMENT ID 87552 unable to parse death date: December 0, 1861
WARNING - VOLUME 11 INTERMENT ID 87669 unable geocode residence place: Ship Champion   At Sea
WARNING - VOLUME 11 INTERMENT ID 87671 unable to parse death date: December 0, 1861
WARNING - VOLUME 11 INTERMENT ID 88384 unable geocode residence place: On Board Brig   At Sea
WARNING - VOLUME 11 INTERMENT ID 89094 has a marital status of: 10.0
WARNING - VOLUME 11 INTERMENT ID 89095 has a marital status of: 10.0
WARNING - VOLUME 11 INTERMENT ID 89096 has a marital status of: 8.0
WARNING - VOLUME 11 INTERMENT ID 89097 has a marital status of: 8.0
WARNING - VOLUME 11 INTERMENT ID 89098 has a marital status of: 16.0
WARNING - VOLUME 11 INTERMENT ID 89099 has a marital status of: 16.0
WARNING - VOLUME 11 INTERMENT ID 89100 has a marital status of: 16.0
WARNING - VOLUME 11 INTERMENT ID 89101 has a marital status of: 17.0
WARNING - VOLUME 11 INTERMENT ID 89102 has a marital status of: 1.0
WARNING - VOLUME 11 INTERMENT ID 89103 has a marital status of: 2.0
WARNING - VOLUME 11 INTERMENT ID 89104 has a marital status of: 2.0
WARNING - VOLUME 11 INTERMENT ID 89105 has a marital status of: 2.0
WARNING - VOLUME 11 INTERMENT ID 89106 has a marital status of: 2.0
WARNING - VOLUME 11 INTERMENT ID 89107 has a marital status of: 2.0
WARNING - VOLUME 11 INTERMENT ID 89108 has a marital status of: 2.0
WARNING - VOLUME 11 INTERMENT ID 89109 has a marital status of: 3.0
WARNING - VOLUME 11 INTERMENT ID 89110 has a marital status of: 3.0
WARNING - VOLUME 11 INTERMENT ID 89111 has a marital status of: 18.0
WARNING - VOLUME 11 INTERMENT ID 89112 has a marital status of: 18.0
WARNING - VOLUME 11 INTERMENT ID 89113 has a marital status of: 13.0
WARNING - VOLUME 11 INTERMENT ID 89114 has a marital status of: 13.0
WARNING - VOLUME 11 INTERMENT ID 89115 has a marital status of: 15.0
WARNING - VOLUME 11 INTERMENT ID 89116 has a marital status of: 5.0
WARNING - VOLUME 11 INTERMENT ID 89117 has a marital status of: 9.0
WARNING - VOLUME 11 INTERMENT ID 89118 has a marital status of: 9.0
WARNING - VOLUME 11 INTERMENT ID 89119 has a marital status of: 9.0
WARNING - VOLUME 11 INTERMENT ID 89120 has a marital status of: 9.0
WARNING - VOLUME 11 INTERMENT ID 89121 has a marital status of: 2.0
WARNING - VOLUME 11 INTERMENT ID 89122 has a marital status of: 14.0
WARNING - VOLUME 11 INTERMENT ID 89123 has a marital status of: 20.0
WARNING - VOLUME 11 INTERMENT ID 89124 has a marital status of: 20.0
WARNING - VOLUME 11 INTERMENT ID 89125 has a marital status of: 8.0
WARNING - VOLUME 11 INTERMENT ID 89126 has a marital status of: 9.0
WARNING - VOLUME 11 INTERMENT ID 89127 has a marital status of: 9.0
WARNING - VOLUME 11 INTERMENT ID 89128 has a marital status of: 2.0
WARNING - VOLUME 11 INTERMENT ID 89129 has a marital status of: 2.0
WARNING - VOLUME 11 INTERMENT ID 89130 has a marital status of: 2.0
WARNING - VOLUME 11 INTERMENT ID 89131 has a marital status of: 2.0
WARNING - VOLUME 11 INTERMENT ID 89132 has a marital status of: 1.0
WARNING - VOLUME 11 INTERMENT ID 89133 has a marital status of: 24.0
WARNING - VOLUME 11 INTERMENT ID 89134 has a marital status of: 13.0
WARNING - VOLUME 11 INTERMENT ID 89135 has a marital status of: 13.0
WARNING - VOLUME 11 INTERMENT ID 89136 has a marital status of: 28.0
WARNING - VOLUME 11 INTERMENT ID 89137 has a marital status of: 19.0
WARNING - VOLUME 11 INTERMENT ID 89138 has a marital status of: 21.0
WARNING - VOLUME 11 INTERMENT ID 89139 has a marital status of: 14.0
WARNING - VOLUME 11 INTERMENT ID 89140 has a marital status of: 14.0
WARNING - VOLUME 11 INTERMENT ID 89141 has a marital status of: 14.0
WARNING - VOLUME 11 INTERMENT ID 89142 has a marital status of: 3.0
WARNING - VOLUME 11 INTERMENT ID 89143 has a marital status of: 1.0
WARNING - VOLUME 11 INTERMENT ID 89144 has a marital status of: 14.0
WARNING - VOLUME 11 INTERMENT ID 89325 unable to parse death date: April 31, 1862
WARNING - VOLUME 11 INTERMENT ID 89330 unable to parse death date: April 31, 1862
WARNING - VOLUME 11 INTERMENT ID 89332 unable to parse death date: April 31, 1862
WARNING - VOLUME 11 INTERMENT ID 89333 unable to parse death date: April 31, 1862
WARNING - VOLUME 11 INTERMENT ID 89335 unable to parse death date: April 31, 1862
WARNING - VOLUME 11 INTERMENT ID 89336 unable to parse death date: April 31, 1862
WARNING - VOLUME 11 INTERMENT ID 89339 unable to parse death date: April 31, 1862
WARNING - VOLUME 11 INTERMENT ID 89340 unable to parse death date: April 31, 1862
WARNING - VOLUME 11 INTERMENT ID 89353 unable to parse death date: April 31, 1862
WARNING - VOLUME 11 INTERMENT ID 89368 unable to parse death date: April 31, 1862
WARNING - VOLUME 11 INTERMENT ID 89370 unable to parse death date: April 31, 1862
WARNING - VOLUME 11 INTERMENT ID 89736 unable to parse death date: April 0, 1862
WARNING - VOLUME 11 INTERMENT ID 89737 unable to parse death date: April 0, 1862
WARNING - VOLUME 11 INTERMENT ID 89763 unable to parse death date: April 0, 1862
WARNING - VOLUME 11 INTERMENT ID 89764 unable to parse death date: April 0, 1862
WARNING - VOLUME 11 INTERMENT ID 89772 unable geocode residence place: 32 White
WARNING - VOLUME 11 INTERMENT ID 89784 unable geocode residence place: 8 Washington
WARNING - VOLUME 11 INTERMENT ID 89788 unable geocode residence place: Colored Orphan Asylum
WARNING - VOLUME 11 INTERMENT ID 89792 unable geocode residence place: 80 First
WARNING - VOLUME 11 INTERMENT ID 90041 unable geocode residence place: Ship Ocean   At Sea
WARNING - VOLUME 11 INTERMENT ID 90206 unable to parse death date: May 0, 1862
WARNING - VOLUME 11 INTERMENT ID 90612 unable geocode residence place: South Cawline
WARNING - VOLUME 11 INTERMENT ID 90852 unable geocode residence place: 99 Christie New York City New York United States
WARNING - VOLUME 11 INTERMENT ID 90954 unable geocode residence place: 3 Hampden Brooklyn New York United States
WARNING - VOLUME 11 INTERMENT ID 91395 unable to parse interment date: August 0, 1862
WARNING - VOLUME 11 INTERMENT ID 91396 unable to parse interment date: August 0, 1862
WARNING - VOLUME 11 INTERMENT ID 91397 unable to parse interment date: August 0, 1862
WARNING - VOLUME 11 INTERMENT ID 91398 unable to parse interment date: August 0, 1862
WARNING - VOLUME 11 INTERMENT ID 91399 unable to parse interment date: August 0, 1862
WARNING - VOLUME 11 INTERMENT ID 91400 unable to parse interment date: August 0, 1862
WARNING - VOLUME 11 INTERMENT ID 91401 unable to parse interment date: August 0, 1862
WARNING - VOLUME 11 INTERMENT ID 91402 unable to parse interment date: August 0, 1862
WARNING - VOLUME 11 INTERMENT ID 91403 unable to parse interment date: August 0, 1862
WARNING - VOLUME 11 INTERMENT ID 91404 unable to parse interment date: August 0, 1862
WARNING - VOLUME 11 INTERMENT ID 91405 unable to parse interment date: August 0, 1862
WARNING - VOLUME 11 INTERMENT ID 91406 unable to parse interment date: August 0, 1862
WARNING - VOLUME 11 INTERMENT ID 91407 unable to parse interment date: August 0, 1862
WARNING - VOLUME 11 INTERMENT ID 91408 unable to parse interment date: August 0, 1862
WARNING - VOLUME 11 INTERMENT ID 91409 unable to parse interment date: August 0, 1862
WARNING - VOLUME 11 INTERMENT ID 91410 unable to parse interment date: August 0, 1862
WARNING - VOLUME 11 INTERMENT ID 91411 unable to parse interment date: August 0, 1862
WARNING - VOLUME 11 INTERMENT ID 91432 unable geocode residence place: 63 Columbia New York City New York United States
WARNING - VOLUME 11 INTERMENT ID 92226 unable geocode death place: Newton Cann
WARNING - VOLUME 11 INTERMENT ID 92535 unable geocode residence place: 73 Cranberry Bn
WARNING - VOLUME 11 INTERMENT ID 92832 unable geocode death place: Connectient
WARNING - VOLUME 11 INTERMENT ID 92861 unable geocode birth place: Teveden  United States
WARNING - VOLUME 11 INTERMENT ID 92921 unable to parse death date: October 0, 1862
WARNING - VOLUME 11 INTERMENT ID 93085 unable geocode residence place: 107 E B Way New York City New York United States
WARNING - VOLUME 11 INTERMENT ID 93184 unable geocode death place: Sponirwood Ni
WARNING - VOLUME 11 INTERMENT ID 93229 unable to parse interment date: November 31, 1862
WARNING - VOLUME 11 INTERMENT ID 93230 unable to parse interment date: November 31, 1862
WARNING - VOLUME 11 INTERMENT ID 93231 unable to parse interment date: November 31, 1862
WARNING - VOLUME 11 INTERMENT ID 93232 unable to parse interment date: November 31, 1862
WARNING - VOLUME 11 INTERMENT ID 93233 unable to parse interment date: November 31, 1862
WARNING - VOLUME 11 INTERMENT ID 93234 unable to parse interment date: November 31, 1862
WARNING - VOLUME 11 INTERMENT ID 93235 unable to parse interment date: November 31, 1862
WARNING - VOLUME 11 INTERMENT ID 93236 unable to parse interment date: November 31, 1862
WARNING - VOLUME 11 INTERMENT ID 93237 unable to parse interment date: November 31, 1862
WARNING - VOLUME 11 INTERMENT ID 93247 unable to parse death date: November 31, 1862
WARNING - VOLUME 11 INTERMENT ID 93248 unable to parse death date: November 31, 1862
WARNING - VOLUME 11 INTERMENT ID 93249 unable to parse death date: November 31, 1862
WARNING - VOLUME 11 INTERMENT ID 93251 unable to parse death date: November 31, 1862
WARNING - VOLUME 11 INTERMENT ID 93274 unable geocode death place: Capsackie
WARNING - VOLUME 11 INTERMENT ID 93360 unable geocode death place: Hackward Ni
WARNING - VOLUME 11 INTERMENT ID 93484 unable geocode death place: Clavia
WARNING - VOLUME 11 INTERMENT ID 93610 unable to parse death date: November 0, 1862
WARNING - VOLUME 11 INTERMENT ID 93636 unable to parse death date: July 0, 1862
WARNING - VOLUME 11 INTERMENT ID 93801 unable geocode death place: Contrevill
WARNING - VOLUME 11 INTERMENT ID 94072 has a marital status of: Th
