WARNING - VOLUME 04 INTERMENT ID 24962 unable to geocode residence place: 3 Columbia  New York United States
WARNING - VOLUME 04 INTERMENT ID 25254 unable to geocode residence place: Sixteenth  New York United States
WARNING - VOLUME 04 INTERMENT ID 26058 unable to geocode birth place: New Townsland
WARNING - VOLUME 04 INTERMENT ID 26332 unable to geocode residence place: At Sea Ship John Herman
WARNING - VOLUME 04 INTERMENT ID 26333 unable to geocode residence place: At Sea Ship John Herman
WARNING - VOLUME 04 INTERMENT ID 27768 unable to geocode birth place: Santercruz
WARNING - VOLUME 04 INTERMENT ID 28188 unable to geocode residence place: 153 Goerch  New York United States
WARNING - VOLUME 04 INTERMENT ID 28217 unable to geocode residence place: 19 State  New York United States
WARNING - VOLUME 04 INTERMENT ID 28710 unable to parse death date: September 31, 1853
WARNING - VOLUME 04 INTERMENT ID 28711 unable to parse death date: September 31, 1853
WARNING - VOLUME 04 INTERMENT ID 28713 unable to parse death date: September 31, 1853
WARNING - VOLUME 04 INTERMENT ID 28715 unable to parse death date: September 31, 1853
WARNING - VOLUME 04 INTERMENT ID 28716 unable to parse death date: September 31, 1853
WARNING - VOLUME 04 INTERMENT ID 28718 unable to parse death date: September 31, 1853
WARNING - VOLUME 04 INTERMENT ID 28719 unable to parse death date: September 31, 1853
WARNING - VOLUME 04 INTERMENT ID 28720 unable to parse death date: September 31, 1853
WARNING - VOLUME 04 INTERMENT ID 28722 unable to parse death date: September 31, 1853
WARNING - VOLUME 04 INTERMENT ID 28723 unable to parse death date: September 31, 1853
WARNING - VOLUME 04 INTERMENT ID 28724 unable to parse death date: September 31, 1853
WARNING - VOLUME 04 INTERMENT ID 28727 unable to parse death date: September 31, 1853
WARNING - VOLUME 04 INTERMENT ID 28734 unable to parse death date: September 31, 1853
WARNING - VOLUME 04 INTERMENT ID 28743 unable to parse death date: September 31, 1853
WARNING - VOLUME 04 INTERMENT ID 28745 unable to parse death date: September 31, 1853
WARNING - VOLUME 04 INTERMENT ID 28823 unable to geocode residence place: Cumberland   Orphan Asylum
WARNING - VOLUME 04 INTERMENT ID 28856 unable to geocode residence place: Asylum Colored Arphan
WARNING - VOLUME 04 INTERMENT ID 29142 unable to geocode birth place: Bornat Sea
WARNING - VOLUME 04 INTERMENT ID 29190 unable to geocode residence place: New York State Hastings  England
WARNING - VOLUME 04 INTERMENT ID 29305 unable to geocode birth place: Fairmount W C C
WARNING - VOLUME 04 INTERMENT ID 29739 unable to geocode residence place: Guy Mannering
WARNING - VOLUME 04 INTERMENT ID 30611 unable to geocode residence place: 71 Coitlanett  New York United States
WARNING - VOLUME 04 INTERMENT ID 30924 unable to geocode birth place: Removal From
WARNING - VOLUME 04 INTERMENT ID 31056 unable to geocode residence place: Momisania
WARNING - VOLUME 04 INTERMENT ID 31357 unable to geocode residence place: 125 Goerck  New York United States
