WARNING - VOLUME 02 INTERMENT ID 10016 unable to parse death date: April 0, 1824
WARNING - VOLUME 02 INTERMENT ID 10018 unable to parse death date: October 0, 1823
WARNING - VOLUME 02 INTERMENT ID 10118 unable to parse death date: April 0, 1824
WARNING - VOLUME 02 INTERMENT ID 10120 unable to parse death date: October 0, 1823
WARNING - VOLUME 02 INTERMENT ID 10175 unable to parse death date: September 0, 1837
WARNING - VOLUME 02 INTERMENT ID 10183 unable to parse death date: September 0, 1845
WARNING - VOLUME 02 INTERMENT ID 10270 unable to parse death date: June 0, 1844
WARNING - VOLUME 02 INTERMENT ID 10294 unable to parse death date: November 0, 1824
WARNING - VOLUME 02 INTERMENT ID 10322 unable to parse death date: August 0, 1850
WARNING - VOLUME 02 INTERMENT ID 10326 unable to parse death date: May 0, 1839
WARNING - VOLUME 02 INTERMENT ID 10327 unable to parse death date: July 0, 1840
WARNING - VOLUME 02 INTERMENT ID 10328 unable to parse death date: May 0, 1840
WARNING - VOLUME 02 INTERMENT ID 10329 unable to parse death date: October 0, 1839
WARNING - VOLUME 02 INTERMENT ID 10382 unable to parse death date: April 0, 1850
WARNING - VOLUME 02 INTERMENT ID 10386 unable to parse death date: July 0, 1837
WARNING - VOLUME 02 INTERMENT ID 10387 unable to parse death date: July 0, 1837
WARNING - VOLUME 02 INTERMENT ID 10392 unable to parse death date: March 0, 1844
WARNING - VOLUME 02 INTERMENT ID 10399 unable to parse death date: June 0, 1849
WARNING - VOLUME 02 INTERMENT ID 10405 unable to parse death date: August 0, 1833
WARNING - VOLUME 02 INTERMENT ID 10406 unable to parse death date: March 0, 1828
WARNING - VOLUME 02 INTERMENT ID 10407 unable to parse death date: September 0, 1834
WARNING - VOLUME 02 INTERMENT ID 10433 unable to parse death date: August 0, 1848
WARNING - VOLUME 02 INTERMENT ID 10435 unable to parse death date: November 0, 1836
WARNING - VOLUME 02 INTERMENT ID 10438 unable to parse death date: February 0, 1850
WARNING - VOLUME 02 INTERMENT ID 10511 unable to parse death date: June 0, 1848
WARNING - VOLUME 02 INTERMENT ID 11140 unable to parse death date: June 0, 1849
WARNING - VOLUME 02 INTERMENT ID 11153 unable to parse death date: August 0, 1835
WARNING - VOLUME 02 INTERMENT ID 11154 unable to parse death date: August 0, 1825
WARNING - VOLUME 02 INTERMENT ID 11159 unable to parse death date: March 0, 1848
WARNING - VOLUME 02 INTERMENT ID 11160 unable to parse death date: January 0, 1849
WARNING - VOLUME 02 INTERMENT ID 11165 unable to parse death date: July 0, 1849
WARNING - VOLUME 02 INTERMENT ID 11167 unable to parse death date: April 0, 1848
WARNING - VOLUME 02 INTERMENT ID 11215 unable to parse death date: March 0, 1848
WARNING - VOLUME 02 INTERMENT ID 11252 unable to parse death date: July 0, 1844
WARNING - VOLUME 02 INTERMENT ID 11311 unable to parse death date: August 0, 1849
WARNING - VOLUME 02 INTERMENT ID 11312 unable to parse death date: January 0, 1847
WARNING - VOLUME 02 INTERMENT ID 11316 unable to parse death date: January 0, 1850
WARNING - VOLUME 02 INTERMENT ID 11371 unable to parse death date: December 0, 1842
WARNING - VOLUME 02 INTERMENT ID 11377 unable to parse death date: August 0, 1850
WARNING - VOLUME 02 INTERMENT ID 11449 unable to parse death date: July 0, 1849
WARNING - VOLUME 02 INTERMENT ID 11502 unable to parse death date: September 0, 1850
WARNING - VOLUME 02 INTERMENT ID 11521 unable to parse death date: May 0, 1847
WARNING - VOLUME 02 INTERMENT ID 11670 unable to parse death date: August 0, 1836
WARNING - VOLUME 02 INTERMENT ID 11966 unable to parse death date: December 0, 1843
WARNING - VOLUME 02 INTERMENT ID 11991 unable to parse death date: November 0, 1838
WARNING - VOLUME 02 INTERMENT ID 11999 unable to parse death date: July 0, 1849
WARNING - VOLUME 02 INTERMENT ID 12075 unable to parse death date: July 0, 1849
WARNING - VOLUME 02 INTERMENT ID 12080 unable to parse death date: September 0, 1847
WARNING - VOLUME 02 INTERMENT ID 12081 unable to parse death date: January 0, 1849
WARNING - VOLUME 02 INTERMENT ID 12115 unable to parse death date: November 0, 1849
WARNING - VOLUME 02 INTERMENT ID 12156 unable to parse death date: June 0, 1843
WARNING - VOLUME 02 INTERMENT ID 12159 unable to parse death date: December 0, 1838
WARNING - VOLUME 02 INTERMENT ID 12161 unable to parse death date: August 0, 1840
WARNING - VOLUME 02 INTERMENT ID 12188 unable to parse death date: July 0, 1840
WARNING - VOLUME 02 INTERMENT ID 12189 unable to parse death date: January 0, 1850
WARNING - VOLUME 02 INTERMENT ID 12195 unable to parse death date: February 0, 1850
WARNING - VOLUME 02 INTERMENT ID 12196 unable to parse death date: August 0, 1844
WARNING - VOLUME 02 INTERMENT ID 12227 unable to parse death date: November 0, 1849
WARNING - VOLUME 02 INTERMENT ID 12229 unable to parse death date: August 0, 1846
WARNING - VOLUME 02 INTERMENT ID 12290 unable to parse death date: August 0, 1835
WARNING - VOLUME 02 INTERMENT ID 12292 unable to parse death date: September 0, 1835
WARNING - VOLUME 02 INTERMENT ID 12295 unable to parse death date: March 0, 1842
WARNING - VOLUME 02 INTERMENT ID 12380 unable to parse death date: September 0, 1838
WARNING - VOLUME 02 INTERMENT ID 12561 unable to parse death date: May 0, 1850
WARNING - VOLUME 02 INTERMENT ID 12621 unable to parse death date: November 0, 1838
WARNING - VOLUME 02 INTERMENT ID 12686 unable to parse death date: August 0, 1838
WARNING - VOLUME 02 INTERMENT ID 12687 unable to parse death date: October 0, 1841
WARNING - VOLUME 02 INTERMENT ID 12691 unable to parse death date: September 0, 1839
WARNING - VOLUME 02 INTERMENT ID 12698 unable to parse death date: February 0, 1849
WARNING - VOLUME 02 INTERMENT ID 12700 unable to parse death date: February 0, 1849
WARNING - VOLUME 02 INTERMENT ID 12718 unable to parse death date: March 0, 1847
WARNING - VOLUME 02 INTERMENT ID 12721 unable to parse death date: November 0, 1846
WARNING - VOLUME 02 INTERMENT ID 12810 unable to parse death date: September 0, 1846
WARNING - VOLUME 02 INTERMENT ID 12811 unable to parse death date: March 0, 1849
WARNING - VOLUME 02 INTERMENT ID 12812 unable to parse death date: June 0, 1843
WARNING - VOLUME 02 INTERMENT ID 12813 unable to parse death date: June 0, 1842
WARNING - VOLUME 02 INTERMENT ID 13043 unable to parse death date: March 0, 1841
WARNING - VOLUME 02 INTERMENT ID 13044 unable to parse death date: March 0, 1841
WARNING - VOLUME 02 INTERMENT ID 13227 unable to parse death date: September 0, 1840
WARNING - VOLUME 02 INTERMENT ID 13228 unable to parse death date: November 0, 1841
WARNING - VOLUME 02 INTERMENT ID 13299 unable to parse death date: November 0, 1837
WARNING - VOLUME 02 INTERMENT ID 13300 unable to parse death date: January 0, 1836
WARNING - VOLUME 02 INTERMENT ID 13305 unable to parse death date: March 0, 1842
WARNING - VOLUME 02 INTERMENT ID 13441 unable to parse death date: August 0, 1852
WARNING - VOLUME 02 INTERMENT ID 13531 unable to parse death date: July 0, 1839
WARNING - VOLUME 02 INTERMENT ID 13539 unable to parse death date: March 0, 1849
WARNING - VOLUME 02 INTERMENT ID 13551 unable to parse death date: June 0, 1842
WARNING - VOLUME 02 INTERMENT ID 13552 unable to parse death date: June 0, 1842
WARNING - VOLUME 02 INTERMENT ID 13559 unable to parse death date: January 0, 1841
WARNING - VOLUME 02 INTERMENT ID 13576 unable to parse death date: October 0, 1806
WARNING - VOLUME 02 INTERMENT ID 13605 unable to parse death date: January 0, 1850
WARNING - VOLUME 02 INTERMENT ID 13607 unable to parse death date: February 0, 1843
WARNING - VOLUME 02 INTERMENT ID 13680 unable to parse death date: August 0, 1847
WARNING - VOLUME 02 INTERMENT ID 13765 unable to parse death date: June 0, 1841
WARNING - VOLUME 02 INTERMENT ID 13940 unable to parse death date: March 0, 1849
WARNING - VOLUME 02 INTERMENT ID 13953 unable to parse death date: September 0, 1841
WARNING - VOLUME 02 INTERMENT ID 14256 can't geocode birth place: British Province
WARNING - VOLUME 02 INTERMENT ID 14275 unable to parse death date: November 0, 1850
WARNING - VOLUME 02 INTERMENT ID 14291 unable to parse death date: January 0, 1851
WARNING - VOLUME 02 INTERMENT ID 14325 unable to parse death date: May 0, 1840
WARNING - VOLUME 02 INTERMENT ID 14385 unable to parse death date: November 0, 1850
WARNING - VOLUME 02 INTERMENT ID 14396 unable to parse death date: January 0, 1847
WARNING - VOLUME 02 INTERMENT ID 14529 can't geocode birth place: Ista Of Man  United States
WARNING - VOLUME 02 INTERMENT ID 14539 unable to parse death date: August 0, 1847
WARNING - VOLUME 02 INTERMENT ID 14589 unable to parse death date: June 0, 1850
WARNING - VOLUME 02 INTERMENT ID 14627 unable to parse death date: September 0, 1831
WARNING - VOLUME 02 INTERMENT ID 14679 unable to parse death date: December 0, 1849
WARNING - VOLUME 02 INTERMENT ID 14745 unable to parse death date: July 0, 1849
WARNING - VOLUME 02 INTERMENT ID 14746 unable to parse death date: July 0, 1850
WARNING - VOLUME 02 INTERMENT ID 14806 unable to parse death date: May 0, 1834
WARNING - VOLUME 02 INTERMENT ID 14814 unable to parse death date: July 0, 1849
WARNING - VOLUME 02 INTERMENT ID 15055 unable to parse death date: March 0, 1849
WARNING - VOLUME 02 INTERMENT ID 15736 unable to parse death date: February 0, 1850
WARNING - VOLUME 02 INTERMENT ID 15976 unable to parse death date: July 0, 1851
WARNING - VOLUME 02 INTERMENT ID 16013 unable to parse death date: September 0, 1850
WARNING - VOLUME 02 INTERMENT ID 16047 unable to parse death date: March 0, 1851
WARNING - VOLUME 02 INTERMENT ID 16059 unable to parse death date: February 0, 1842
WARNING - VOLUME 02 INTERMENT ID 16060 unable to parse death date: September 0, 1839
WARNING - VOLUME 02 INTERMENT ID 16061 unable to parse death date: September 0, 1839
WARNING - VOLUME 02 INTERMENT ID 16362 unable to parse death date: August 0, 1849
WARNING - VOLUME 02 INTERMENT ID 16601 unable to parse death date: May 0, 1851
WARNING - VOLUME 02 INTERMENT ID 16611 unable to parse death date: October 0, 1838
