WARNING - VOLUME 09 INTERMENT ID 69471 unable to geocode residence place: South 3Rd 312 Brooklyn New York United States
WARNING - VOLUME 09 INTERMENT ID 69530 unable to geocode residence place: Carl 82 Brooklyn New York United States
WARNING - VOLUME 09 INTERMENT ID 69555 unable to parse death date: June 0, 1859
WARNING - VOLUME 09 INTERMENT ID 69556 unable to parse death date: June 0, 1859
WARNING - VOLUME 09 INTERMENT ID 69567 unable to geocode residence place: Centre 255   Astria L J
WARNING - VOLUME 09 INTERMENT ID 69657 unable to geocode residence place: Greene 97  New York United States
WARNING - VOLUME 09 INTERMENT ID 69688 unable to geocode residence place: West 25Th 124  New York United States
WARNING - VOLUME 09 INTERMENT ID 69823 unable to geocode residence place: Second 175 Brooklyn New York United States
WARNING - VOLUME 09 INTERMENT ID 70035 unable to geocode residence place: Columbia 85  New York United States
WARNING - VOLUME 09 INTERMENT ID 70086 unable to geocode residence place: Adelphic 70 Brooklyn New York United States
WARNING - VOLUME 09 INTERMENT ID 70257 unable to geocode residence place: Avenue A 198  New York United States
WARNING - VOLUME 09 INTERMENT ID 70277 unable to geocode residence place: West 31St 125  New York United States
WARNING - VOLUME 09 INTERMENT ID 70351 unable to geocode residence place: Third Av 395  New York United States
WARNING - VOLUME 09 INTERMENT ID 70442 unable to geocode residence place: Asylum Bloomingdale  United States
WARNING - VOLUME 09 INTERMENT ID 70466 unable to geocode residence place: East 22Nd 105  New York United States
WARNING - VOLUME 09 INTERMENT ID 70640 unable to geocode residence place: West 39Th 205  New York United States
WARNING - VOLUME 09 INTERMENT ID 70754 unable to geocode residence place: Gold 100  New York United States
WARNING - VOLUME 09 INTERMENT ID 70801 unable to geocode residence place: East 28Th 114  New York United States
WARNING - VOLUME 09 INTERMENT ID 70816 unable to geocode residence place: Blackwells Simatic Asyhum
WARNING - VOLUME 09 INTERMENT ID 70852 unable to geocode birth place: Alneny
WARNING - VOLUME 09 INTERMENT ID 70921 unable to geocode residence place: Grand 214  New York United States
WARNING - VOLUME 09 INTERMENT ID 71047 unable to parse death date: September 31, 1859
WARNING - VOLUME 09 INTERMENT ID 71048 unable to parse death date: September 31, 1859
WARNING - VOLUME 09 INTERMENT ID 71049 unable to parse death date: September 31, 1859
WARNING - VOLUME 09 INTERMENT ID 71052 unable to parse death date: September 31, 1859
WARNING - VOLUME 09 INTERMENT ID 71053 unable to parse death date: September 31, 1859
WARNING - VOLUME 09 INTERMENT ID 71064 unable to parse death date: September 31, 1859
WARNING - VOLUME 09 INTERMENT ID 71065 unable to parse death date: September 31, 1859
WARNING - VOLUME 09 INTERMENT ID 71066 unable to parse death date: September 31, 1859
WARNING - VOLUME 09 INTERMENT ID 71074 unable to parse death date: September 31, 1859
WARNING - VOLUME 09 INTERMENT ID 71077 unable to parse death date: September 31, 1859
WARNING - VOLUME 09 INTERMENT ID 71078 unable to parse death date: September 31, 1859
WARNING - VOLUME 09 INTERMENT ID 71080 unable to parse death date: September 31, 1859
WARNING - VOLUME 09 INTERMENT ID 71081 unable to parse death date: September 31, 1859
WARNING - VOLUME 09 INTERMENT ID 71117 unable to parse death date: September 31, 1859
WARNING - VOLUME 09 INTERMENT ID 71220 unable to geocode residence place: West 39Th 205  New York United States
WARNING - VOLUME 09 INTERMENT ID 71686 unable to geocode residence place: Jay 243 Brooklyn New York United States
WARNING - VOLUME 09 INTERMENT ID 71916 unable to geocode residence place: Mott 297 Brooklyn New York United States
WARNING - VOLUME 09 INTERMENT ID 72129 unable to parse death date: November 31, 1859
WARNING - VOLUME 09 INTERMENT ID 72130 unable to parse death date: November 31, 1859
WARNING - VOLUME 09 INTERMENT ID 72131 unable to parse death date: November 31, 1859
WARNING - VOLUME 09 INTERMENT ID 72134 unable to parse death date: November 31, 1859
WARNING - VOLUME 09 INTERMENT ID 72135 unable to parse death date: November 31, 1859
WARNING - VOLUME 09 INTERMENT ID 72139 unable to parse death date: November 31, 1859
WARNING - VOLUME 09 INTERMENT ID 72140 unable to parse death date: November 31, 1859
WARNING - VOLUME 09 INTERMENT ID 72141 unable to parse death date: November 31, 1859
WARNING - VOLUME 09 INTERMENT ID 72154 unable to parse death date: November 31, 1859
WARNING - VOLUME 09 INTERMENT ID 72182 unable to geocode residence place: Feish Kill
WARNING - VOLUME 09 INTERMENT ID 72209 unable to geocode residence place: Hulton 73  New York United States
WARNING - VOLUME 09 INTERMENT ID 72328 unable to geocode residence place: Carl 82 Brooklyn New York United States
WARNING - VOLUME 09 INTERMENT ID 72426 unable to geocode death place: Laugerties
WARNING - VOLUME 09 INTERMENT ID 72486 unable to geocode residence place: East 22Nd 105  New York United States
WARNING - VOLUME 09 INTERMENT ID 72943 unable to parse death date: December 0, 1859
WARNING - VOLUME 09 INTERMENT ID 73341 unable to geocode residence place: Greene 70  New York United States
WARNING - VOLUME 09 INTERMENT ID 73389 unable to geocode residence place: South 10Th 68
WARNING - VOLUME 09 INTERMENT ID 73400 unable to geocode residence place: East B Way 139
WARNING - VOLUME 09 INTERMENT ID 73405 unable to geocode residence place: Cannover
WARNING - VOLUME 09 INTERMENT ID 73406 unable to geocode residence place: Leonard 10
WARNING - VOLUME 09 INTERMENT ID 73421 unable to geocode residence place: Cor 1St Av & 44Th St
WARNING - VOLUME 09 INTERMENT ID 73436 unable to geocode residence place: Henry 313
WARNING - VOLUME 09 INTERMENT ID 73567 unable to geocode residence place: Elizabeth 127  New York United States
WARNING - VOLUME 09 INTERMENT ID 73617 unable to geocode residence place: Ninth Av 237  New York United States
WARNING - VOLUME 09 INTERMENT ID 73718 unable to geocode residence place: West 18Th 30  New York United States
WARNING - VOLUME 09 INTERMENT ID 73799 unable to geocode residence place: Chrystie 155  New York United States
WARNING - VOLUME 09 INTERMENT ID 73820 unable to geocode residence place: Canal 267  New York United States
WARNING - VOLUME 09 INTERMENT ID 73933 unable to geocode residence place: Atlantic 308 Brooklyn New York United States
WARNING - VOLUME 09 INTERMENT ID 74085 unable to geocode residence place: Seventeenth
WARNING - VOLUME 09 INTERMENT ID 74094 unable to geocode residence place: Twentyfirst
WARNING - VOLUME 09 INTERMENT ID 74095 unable to geocode residence place: Tenth 267
WARNING - VOLUME 09 INTERMENT ID 74101 unable to geocode residence place: 63Rd N Cor 9Th Ave
WARNING - VOLUME 09 INTERMENT ID 74104 unable to geocode residence place: Elizabeth 15
WARNING - VOLUME 09 INTERMENT ID 74109 unable to geocode residence place: Third 199
WARNING - VOLUME 09 INTERMENT ID 74112 unable to geocode residence place: 9Th Av 85
WARNING - VOLUME 09 INTERMENT ID 74113 unable to geocode residence place: Atlantic 43
WARNING - VOLUME 09 INTERMENT ID 74120 unable to geocode residence place: Sackett 264
WARNING - VOLUME 09 INTERMENT ID 74125 unable to geocode residence place: Stanton 4
WARNING - VOLUME 09 INTERMENT ID 74128 unable to geocode residence place: Thomas 22
WARNING - VOLUME 09 INTERMENT ID 74129 unable to geocode residence place: Second 314
WARNING - VOLUME 09 INTERMENT ID 74130 unable to geocode residence place: Cor Band & State
WARNING - VOLUME 09 INTERMENT ID 74135 unable to geocode residence place: Tillary 8
WARNING - VOLUME 09 INTERMENT ID 74276 unable to geocode residence place: Randalls Islam
WARNING - VOLUME 09 INTERMENT ID 74288 unable to geocode residence place: Plymouth 140 Brooklyn New York United States
WARNING - VOLUME 09 INTERMENT ID 74355 unable to geocode residence place: Atlantic 444 Brooklyn New York United States
WARNING - VOLUME 09 INTERMENT ID 74733 unable to geocode residence place: Laurens 20  New York United States
WARNING - VOLUME 09 INTERMENT ID 74847 unable to geocode residence place: Third Av 395  New York United States
WARNING - VOLUME 09 INTERMENT ID 74872 unable to geocode residence place: Ship S Russell   At Sea
WARNING - VOLUME 09 INTERMENT ID 74972 unable to geocode residence place: Lueens Si
WARNING - VOLUME 09 INTERMENT ID 74972 unable to geocode death place: Lueens Si
WARNING - VOLUME 09 INTERMENT ID 75105 unable to geocode residence place: Laurens 111  New York United States
WARNING - VOLUME 09 INTERMENT ID 75298 unable to parse death date: April 31, 1860
WARNING - VOLUME 09 INTERMENT ID 75299 unable to parse death date: April 31, 1860
WARNING - VOLUME 09 INTERMENT ID 75300 unable to parse death date: April 31, 1860
WARNING - VOLUME 09 INTERMENT ID 75301 unable to parse death date: April 31, 1860
WARNING - VOLUME 09 INTERMENT ID 75304 unable to parse death date: April 31, 1860
WARNING - VOLUME 09 INTERMENT ID 75309 unable to parse death date: April 31, 1860
WARNING - VOLUME 09 INTERMENT ID 75315 unable to parse death date: April 31, 1860
WARNING - VOLUME 09 INTERMENT ID 75318 unable to parse death date: April 31, 1860
WARNING - VOLUME 09 INTERMENT ID 75319 unable to parse death date: April 31, 1860
WARNING - VOLUME 09 INTERMENT ID 75333 unable to parse death date: April 31, 1860
WARNING - VOLUME 09 INTERMENT ID 75352 unable to parse death date: April 31, 1860
WARNING - VOLUME 09 INTERMENT ID 75367 unable to geocode residence place: Hammond 113  New York United States
WARNING - VOLUME 09 INTERMENT ID 75636 unable to geocode residence place: West 29Th 252  New York United States
WARNING - VOLUME 09 INTERMENT ID 75820 unable to parse death date: April 0, 1860
WARNING - VOLUME 09 INTERMENT ID 75821 unable to parse death date: April 0, 1860
WARNING - VOLUME 09 INTERMENT ID 75861 unable to geocode residence place: East 35Th 131  New York United States
WARNING - VOLUME 09 INTERMENT ID 75900 unable to geocode residence place: 9Th Av 495  New York United States
WARNING - VOLUME 09 INTERMENT ID 75903 unable to geocode residence place: Laurens 24  New York United States
WARNING - VOLUME 09 INTERMENT ID 76074 unable to geocode residence place: Crosby 89  New York United States
WARNING - VOLUME 09 INTERMENT ID 76131 unable to geocode residence place: Broome 423  New York United States
WARNING - VOLUME 09 INTERMENT ID 76254 unable to geocode residence place: Pett 94  New York United States
WARNING - VOLUME 09 INTERMENT ID 76320 unable to geocode residence place: 9Th Av 495  New York United States
WARNING - VOLUME 09 INTERMENT ID 76512 has an age greater than 120 years: 410
WARNING - VOLUME 09 INTERMENT ID 76649 unable to geocode residence place: Second Af 520  New York United States
WARNING - VOLUME 09 INTERMENT ID 77001 unable to geocode residence place: 2Nd Av 495  New York United States
WARNING - VOLUME 09 INTERMENT ID 77017 unable to geocode residence place: West 10Th 128  New York United States
WARNING - VOLUME 09 INTERMENT ID 77110 unable to geocode residence place: Crosby 37  New York United States
WARNING - VOLUME 09 INTERMENT ID 77115 unable to geocode residence place: Sullivan 62  New York United States
WARNING - VOLUME 09 INTERMENT ID 77156 unable to geocode residence place: Sullivan 156  New York United States
WARNING - VOLUME 09 INTERMENT ID 17299 unable to geocode residence place: First 80  New York United States
WARNING - VOLUME 09 INTERMENT ID 77359 unable to parse death date: April 0, 1860
WARNING - VOLUME 09 INTERMENT ID 77378 unable to geocode residence place: Atlantic 136 Brooklyn New York United States
WARNING - VOLUME 09 INTERMENT ID 77503 unable to geocode residence place: West 17Th  37  New York United States
WARNING - VOLUME 09 INTERMENT ID 77503 unable to geocode residence place: West 17Th  37  New York United States
WARNING - VOLUME 09 INTERMENT ID 77826 unable to geocode residence place: Hudson 657  New York United States
WARNING - VOLUME 09 INTERMENT ID 77846 unable to geocode residence place: Crosby 37  New York United States
WARNING - VOLUME 09 INTERMENT ID 77848 unable to geocode residence place: North 1St 69 Brooklyn New York United States
WARNING - VOLUME 09 INTERMENT ID 78001 unable to geocode residence place: Second 194  New York United States
WARNING - VOLUME 09 INTERMENT ID 78066 unable to geocode residence place: Third Av 692  New York United States
