WARNING - VOLUME 11 INTERMENT ID 87552 unable to parse death date: December 0, 1861
WARNING - VOLUME 11 INTERMENT ID 87669 unable to geocode residence place: Ship Champion   At Sea
WARNING - VOLUME 11 INTERMENT ID 87671 unable to parse death date: December 0, 1861
WARNING - VOLUME 11 INTERMENT ID 88384 unable to geocode residence place: On Board Brig   At Sea
WARNING - VOLUME 11 INTERMENT ID 89325 unable to parse death date: April 31, 1862
WARNING - VOLUME 11 INTERMENT ID 89330 unable to parse death date: April 31, 1862
WARNING - VOLUME 11 INTERMENT ID 89332 unable to parse death date: April 31, 1862
WARNING - VOLUME 11 INTERMENT ID 89333 unable to parse death date: April 31, 1862
WARNING - VOLUME 11 INTERMENT ID 89335 unable to parse death date: April 31, 1862
WARNING - VOLUME 11 INTERMENT ID 89336 unable to parse death date: April 31, 1862
WARNING - VOLUME 11 INTERMENT ID 89339 unable to parse death date: April 31, 1862
WARNING - VOLUME 11 INTERMENT ID 89340 unable to parse death date: April 31, 1862
WARNING - VOLUME 11 INTERMENT ID 89353 unable to parse death date: April 31, 1862
WARNING - VOLUME 11 INTERMENT ID 89368 unable to parse death date: April 31, 1862
WARNING - VOLUME 11 INTERMENT ID 89370 unable to parse death date: April 31, 1862
WARNING - VOLUME 11 INTERMENT ID 89736 unable to parse death date: April 0, 1862
WARNING - VOLUME 11 INTERMENT ID 89737 unable to parse death date: April 0, 1862
WARNING - VOLUME 11 INTERMENT ID 89763 unable to parse death date: April 0, 1862
WARNING - VOLUME 11 INTERMENT ID 89764 unable to parse death date: April 0, 1862
WARNING - VOLUME 11 INTERMENT ID 89772 unable to geocode residence place: 32 White
WARNING - VOLUME 11 INTERMENT ID 89784 unable to geocode residence place: 8 Washington
WARNING - VOLUME 11 INTERMENT ID 89788 unable to geocode residence place: Colored Orphan Asylum
WARNING - VOLUME 11 INTERMENT ID 89792 unable to geocode residence place: 80 First
WARNING - VOLUME 11 INTERMENT ID 90041 unable to geocode residence place: Ship Ocean   At Sea
WARNING - VOLUME 11 INTERMENT ID 90206 unable to parse death date: May 0, 1862
WARNING - VOLUME 11 INTERMENT ID 90612 unable to geocode residence place: South Cawline
WARNING - VOLUME 11 INTERMENT ID 90852 unable to geocode residence place: 99 Christie New York City New York United States
WARNING - VOLUME 11 INTERMENT ID 90954 unable to geocode residence place: 3 Hampden Brooklyn New York United States
WARNING - VOLUME 11 INTERMENT ID 91265 has an age greater than 120 years: 741
WARNING - VOLUME 11 INTERMENT ID 91395 unable to parse interment date: August 0, 1862
WARNING - VOLUME 11 INTERMENT ID 91396 unable to parse interment date: August 0, 1862
WARNING - VOLUME 11 INTERMENT ID 91397 unable to parse interment date: August 0, 1862
WARNING - VOLUME 11 INTERMENT ID 91398 unable to parse interment date: August 0, 1862
WARNING - VOLUME 11 INTERMENT ID 91399 unable to parse interment date: August 0, 1862
WARNING - VOLUME 11 INTERMENT ID 91400 unable to parse interment date: August 0, 1862
WARNING - VOLUME 11 INTERMENT ID 91401 unable to parse interment date: August 0, 1862
WARNING - VOLUME 11 INTERMENT ID 91402 unable to parse interment date: August 0, 1862
WARNING - VOLUME 11 INTERMENT ID 91403 unable to parse interment date: August 0, 1862
WARNING - VOLUME 11 INTERMENT ID 91404 unable to parse interment date: August 0, 1862
WARNING - VOLUME 11 INTERMENT ID 91405 unable to parse interment date: August 0, 1862
WARNING - VOLUME 11 INTERMENT ID 91406 unable to parse interment date: August 0, 1862
WARNING - VOLUME 11 INTERMENT ID 91407 unable to parse interment date: August 0, 1862
WARNING - VOLUME 11 INTERMENT ID 91408 unable to parse interment date: August 0, 1862
WARNING - VOLUME 11 INTERMENT ID 91409 unable to parse interment date: August 0, 1862
WARNING - VOLUME 11 INTERMENT ID 91410 unable to parse interment date: August 0, 1862
WARNING - VOLUME 11 INTERMENT ID 91411 unable to parse interment date: August 0, 1862
WARNING - VOLUME 11 INTERMENT ID 91432 unable to geocode residence place: 63 Columbia New York City New York United States
WARNING - VOLUME 11 INTERMENT ID 92226 unable to geocode death place: Newton Cann
WARNING - VOLUME 11 INTERMENT ID 92535 unable to geocode residence place: 73 Cranberry Bn
WARNING - VOLUME 11 INTERMENT ID 92832 unable to geocode death place: Connectient
WARNING - VOLUME 11 INTERMENT ID 92861 unable to geocode birth place: Teveden  United States
WARNING - VOLUME 11 INTERMENT ID 92921 unable to parse death date: October 0, 1862
WARNING - VOLUME 11 INTERMENT ID 93085 unable to geocode residence place: 107 E B Way New York City New York United States
WARNING - VOLUME 11 INTERMENT ID 93184 unable to geocode death place: Sponirwood Ni
WARNING - VOLUME 11 INTERMENT ID 93229 unable to parse interment date: November 31, 1862
WARNING - VOLUME 11 INTERMENT ID 93230 unable to parse interment date: November 31, 1862
WARNING - VOLUME 11 INTERMENT ID 93231 unable to parse interment date: November 31, 1862
WARNING - VOLUME 11 INTERMENT ID 93232 unable to parse interment date: November 31, 1862
WARNING - VOLUME 11 INTERMENT ID 93233 unable to parse interment date: November 31, 1862
WARNING - VOLUME 11 INTERMENT ID 93234 unable to parse interment date: November 31, 1862
WARNING - VOLUME 11 INTERMENT ID 93235 unable to parse interment date: November 31, 1862
WARNING - VOLUME 11 INTERMENT ID 93236 unable to parse interment date: November 31, 1862
WARNING - VOLUME 11 INTERMENT ID 93237 unable to parse interment date: November 31, 1862
WARNING - VOLUME 11 INTERMENT ID 93247 unable to parse death date: November 31, 1862
WARNING - VOLUME 11 INTERMENT ID 93248 unable to parse death date: November 31, 1862
WARNING - VOLUME 11 INTERMENT ID 93249 unable to parse death date: November 31, 1862
WARNING - VOLUME 11 INTERMENT ID 93251 unable to parse death date: November 31, 1862
WARNING - VOLUME 11 INTERMENT ID 93274 unable to geocode death place: Capsackie
WARNING - VOLUME 11 INTERMENT ID 93360 unable to geocode death place: Hackward Ni
WARNING - VOLUME 11 INTERMENT ID 93484 unable to geocode death place: Clavia
WARNING - VOLUME 11 INTERMENT ID 93610 unable to parse death date: November 0, 1862
WARNING - VOLUME 11 INTERMENT ID 93636 unable to parse death date: July 0, 1862
WARNING - VOLUME 11 INTERMENT ID 93801 unable geocode death place: Contill
