WARNING - VOLUME 08 INTERMENT ID 58892 unable to geocode residence place: 82 Hampden Brooklyn New York United States
WARNING - VOLUME 08 INTERMENT ID 59279 unable to geocode residence place: 3 Columbia  New York United States
WARNING - VOLUME 08 INTERMENT ID 59454 unable to parse death date: February 31, 1858
WARNING - VOLUME 08 INTERMENT ID 59457 unable to parse death date: February 31, 1858
WARNING - VOLUME 08 INTERMENT ID 59458 unable to parse death date: February 31, 1858
WARNING - VOLUME 08 INTERMENT ID 59461 unable to parse death date: February 30, 1858
WARNING - VOLUME 08 INTERMENT ID 59463 unable to parse death date: February 31, 1858
WARNING - VOLUME 08 INTERMENT ID 59464 unable to parse death date: February 31, 1858
WARNING - VOLUME 08 INTERMENT ID 59465 unable to parse death date: February 31, 1858
WARNING - VOLUME 08 INTERMENT ID 59470 unable to parse death date: February 31, 1858
WARNING - VOLUME 08 INTERMENT ID 59471 unable to parse death date: February 31, 1858
WARNING - VOLUME 08 INTERMENT ID 59474 unable to parse death date: February 31, 1858
WARNING - VOLUME 08 INTERMENT ID 59475 unable to parse death date: February 31, 1858
WARNING - VOLUME 08 INTERMENT ID 59478 unable to parse death date: February 31, 1858
WARNING - VOLUME 08 INTERMENT ID 59479 unable to parse death date: February 31, 1858
WARNING - VOLUME 08 INTERMENT ID 59496 unable to parse death date: February 31, 1858
WARNING - VOLUME 08 INTERMENT ID 59498 unable to parse death date: February 31, 1858
WARNING - VOLUME 08 INTERMENT ID 60413 unable to geocode residence place: 139 Sixth Ave  New York United States
WARNING - VOLUME 08 INTERMENT ID 60536 unable to parse death date: 31, 1858
WARNING - VOLUME 08 INTERMENT ID 60539 unable to parse death date: 31, 1858
WARNING - VOLUME 08 INTERMENT ID 60540 unable to parse death date: 31, 1858
WARNING - VOLUME 08 INTERMENT ID 60542 unable to parse death date: 31, 1858
WARNING - VOLUME 08 INTERMENT ID 60766 unable to geocode residence place: 14 Columbia  New York United States
WARNING - VOLUME 08 INTERMENT ID 61107 unable to geocode residence place: 31 Talman Brooklyn New York United States
WARNING - VOLUME 08 INTERMENT ID 62946 unable to parse death date: June 31, 1858
WARNING - VOLUME 08 INTERMENT ID 62949 unable to parse death date: June 31, 1858
WARNING - VOLUME 08 INTERMENT ID 62950 unable to parse death date: June 31, 1858
WARNING - VOLUME 08 INTERMENT ID 62951 unable to parse death date: June 31, 1858
WARNING - VOLUME 08 INTERMENT ID 62964 unable to parse death date: Januray 17, 1858
WARNING - VOLUME 08 INTERMENT ID 63600 unable geocode residence place: 135 1/2 Allen  New York United States
WARNING - VOLUME 08 INTERMENT ID 64308 unable to geocode residence place: 31 Talman Brooklyn New York United States
WARNING - VOLUME 08 INTERMENT ID 64724 unable to parse death date: 31, 1858
WARNING - VOLUME 08 INTERMENT ID 64725 unable to parse death date: 31, 1858
WARNING - VOLUME 08 INTERMENT ID 64726 unable to parse death date: 31, 1858
WARNING - VOLUME 08 INTERMENT ID 64729 unable to parse death date: 31, 1858
WARNING - VOLUME 08 INTERMENT ID 64730 unable to parse death date: 31, 1858
WARNING - VOLUME 08 INTERMENT ID 64734 unable to parse death date: September 31, 1858
WARNING - VOLUME 08 INTERMENT ID 64735 unable to parse death date: September 31, 1858
WARNING - VOLUME 08 INTERMENT ID 64743 unable to parse death date: September 31, 1858
WARNING - VOLUME 08 INTERMENT ID 64744 unable to parse death date: September 31, 1858
WARNING - VOLUME 08 INTERMENT ID 64746 unable to parse death date: September 31, 1858
WARNING - VOLUME 08 INTERMENT ID 64747 unable to parse death date: September 31, 1858
WARNING - VOLUME 08 INTERMENT ID 64748 unable to parse death date: September 31, 1858
WARNING - VOLUME 08 INTERMENT ID 64750 unable to parse death date: September 31, 1858
WARNING - VOLUME 08 INTERMENT ID 64752 unable to parse death date: September 31, 1858
WARNING - VOLUME 08 INTERMENT ID 64753 unable to parse death date: September 31, 1858
WARNING - VOLUME 08 INTERMENT ID 64778 unable to parse death date: September 31, 1858
WARNING - VOLUME 08 INTERMENT ID 65133 unable geocode birth place: Not Known
WARNING - VOLUME 08 INTERMENT ID 65222 unable geocode birth place: Madeira New York United States
WARNING - VOLUME 08 INTERMENT ID 65800 unable to parse death date: November 31, 1858
WARNING - VOLUME 08 INTERMENT ID 65801 unable to parse death date: November 31, 1858
WARNING - VOLUME 08 INTERMENT ID 65805 unable to parse death date: November 31, 1858
WARNING - VOLUME 08 INTERMENT ID 65807 unable to parse death date: November 31, 1858
WARNING - VOLUME 08 INTERMENT ID 65813 unable to parse death date: November 31, 1858
WARNING - VOLUME 08 INTERMENT ID 65817 unable to parse death date: November 31, 1858
WARNING - VOLUME 08 INTERMENT ID 65823 unable to parse death date: November 31, 1858
WARNING - VOLUME 08 INTERMENT ID 65825 unable to parse death date: November 31, 1858
WARNING - VOLUME 08 INTERMENT ID 65826 unable to parse death date: November 31, 1858
WARNING - VOLUME 08 INTERMENT ID 65866 unable to parse death date: November 31, 1858
WARNING - VOLUME 08 INTERMENT ID 66012 unable to parse death date: November 31, 1858
WARNING - VOLUME 08 INTERMENT ID 66162 unable geocode birth place: Baston  United States
WARNING - VOLUME 08 INTERMENT ID 66231 unable geocode residence place: ?
WARNING - VOLUME 08 INTERMENT ID 66231 unable to geocode death place: ?
WARNING - VOLUME 08 INTERMENT ID 66864 unable geocode residence place: 26 Essex  New York United States
WARNING - VOLUME 08 INTERMENT ID 66916 unable geocode residence place: 72 Pike  New York United States
WARNING - VOLUME 08 INTERMENT ID 67181 unable to parse death date: February 30, 1859
WARNING - VOLUME 08 INTERMENT ID 67182 unable to parse death date: February 30, 1859
WARNING - VOLUME 08 INTERMENT ID 67183 unable to parse death date: February 31, 1859
WARNING - VOLUME 08 INTERMENT ID 67184 unable to parse death date: February 31, 1859
WARNING - VOLUME 08 INTERMENT ID 67185 unable to parse death date: February 31, 1859
WARNING - VOLUME 08 INTERMENT ID 67186 unable to parse death date: February 31, 1859
WARNING - VOLUME 08 INTERMENT ID 67187 unable to parse death date: February 30, 1859
WARNING - VOLUME 08 INTERMENT ID 67188 unable to parse death date: February 29, 1859
WARNING - VOLUME 08 INTERMENT ID 67189 unable to parse death date: February 30, 1859
WARNING - VOLUME 08 INTERMENT ID 67190 unable to parse death date: February 30, 1859
WARNING - VOLUME 08 INTERMENT ID 67191 unable to parse death date: February 31, 1859
WARNING - VOLUME 08 INTERMENT ID 67192 unable to parse death date: February 30, 1859
WARNING - VOLUME 08 INTERMENT ID 67195 unable to parse death date: February 31, 1859
WARNING - VOLUME 08 INTERMENT ID 67200 unable to parse death date: 31, 1859
WARNING - VOLUME 08 INTERMENT ID 67201 unable to parse death date: 31, 1859
WARNING - VOLUME 08 INTERMENT ID 67202 unable to parse death date: 31, 1859
WARNING - VOLUME 08 INTERMENT ID 67203 unable to parse death date: February 31, 1859
WARNING - VOLUME 08 INTERMENT ID 67204 unable to parse death date: February 30, 1859
WARNING - VOLUME 08 INTERMENT ID 67205 unable to parse death date: February 31, 1859
WARNING - VOLUME 08 INTERMENT ID 67206 unable to parse death date: February 31, 1859
WARNING - VOLUME 08 INTERMENT ID 67207 unable to parse death date: February 31, 1859
WARNING - VOLUME 08 INTERMENT ID 67208 unable to parse death date: February 29, 1859
WARNING - VOLUME 08 INTERMENT ID 67209 unable to parse death date: February 31, 1859
WARNING - VOLUME 08 INTERMENT ID 67223 unable to parse death date: February 29, 1859
WARNING - VOLUME 08 INTERMENT ID 67224 unable to parse death date: February 31, 1859
WARNING - VOLUME 08 INTERMENT ID 67250 unable to parse death date: February 31, 1859
WARNING - VOLUME 08 INTERMENT ID 67270 unable to parse death date: February 31, 1859
WARNING - VOLUME 08 INTERMENT ID 67287 unable geocode residence place: 63 Columbia Brooklyn New York United States
WARNING - VOLUME 08 INTERMENT ID 68222 unable geocode residence place: 125 Goerck  New York United States
WARNING - VOLUME 08 INTERMENT ID 68599 unable geocode residence place: 119 Allen  New York United States
WARNING - VOLUME 08 INTERMENT ID 68814 unable geocode residence place: 95 West 32rd  New York United States
WARNING - VOLUME 08 INTERMENT ID 69162 unable to parse death date: 31, 1859
WARNING - VOLUME 08 INTERMENT ID 69163 unable to parse death date: 31, 1859
WARNING - VOLUME 08 INTERMENT ID 69164 unable to parse death date: 31, 1859
WARNING - VOLUME 08 INTERMENT ID 69165 unable to parse death date: 31, 1859
WARNING - VOLUME 08 INTERMENT ID 69166 unable to parse death date: 31, 1859
WARNING - VOLUME 08 INTERMENT ID 69169 unable to parse death date: 31, 1859
WARNING - VOLUME 08 INTERMENT ID 69176 unable to parse death date: 31, 1859
WARNING - VOLUME 08 INTERMENT ID 69177 unable to parse death date: 31, 1859
WARNING - VOLUME 08 INTERMENT ID 69181 unable to parse death date: 31, 1859
WARNING - VOLUME 08 INTERMENT ID 69182 unable to parse death date: 31, 1859
WARNING - VOLUME 08 INTERMENT ID 69196 unable to parse death date: June 31, 1859
WARNING - VOLUME 08 INTERMENT ID 69209 unable to parse death date: 31, 1859
