WARNING - VOLUME 03 INTERMENT ID 16954 can't geocode birth place: Brooklyn  Germany
WARNING - VOLUME 03 INTERMENT ID 18260 unable to parse death date: September 31, 1852
WARNING - VOLUME 03 INTERMENT ID 18263 unable to parse death date: September 31, 1852
WARNING - VOLUME 03 INTERMENT ID 18265 unable to parse death date: September 31, 1852
WARNING - VOLUME 03 INTERMENT ID 18271 unable to parse death date: September 31, 1852
WARNING - VOLUME 03 INTERMENT ID 18273 unable to parse death date: September 31, 1852
WARNING - VOLUME 03 INTERMENT ID 18274 unable to parse death date: September 31, 1852
WARNING - VOLUME 03 INTERMENT ID 18275 unable to parse death date: September 31, 1852
WARNING - VOLUME 03 INTERMENT ID 18279 unable to parse death date: September 31, 1852
WARNING - VOLUME 03 INTERMENT ID 18282 unable to parse death date: September 31, 1852
WARNING - VOLUME 03 INTERMENT ID 18287 unable to parse death date: September 31, 1852
WARNING - VOLUME 03 INTERMENT ID 19510 can't geocode birth place: Tuebek
WARNING - VOLUME 03 INTERMENT ID 19567 can't geocode birth place: Carmanibeiel
WARNING - VOLUME 03 INTERMENT ID 19667 can't geocode birth place: At Sea On Board Ship Rociuw
WARNING - VOLUME 03 INTERMENT ID 19668 can't geocode birth place: Irte Of Man  United States
WARNING - VOLUME 03 INTERMENT ID 20791 can't geocode birth place: Folgerat Sea  United States
WARNING - VOLUME 03 INTERMENT ID 21124 can't geocode birth place: Wattkins
WARNING - VOLUME 03 INTERMENT ID 21125 can't geocode birth place: Wattkins
WARNING - VOLUME 03 INTERMENT ID 22310 can't geocode birth place: Euploud
WARNING - VOLUME 03 INTERMENT ID 22399 has a death year greater than 2020: 18523
WARNING - VOLUME 03 INTERMENT ID 22399 unable to parse death date: October 1, 18523
WARNING - VOLUME 03 INTERMENT ID 22659 has a death year greater than 2020: 18521
WARNING - VOLUME 03 INTERMENT ID 22659 unable to parse death date: October 18, 18521
