WARNING - VOLUME 06 INTERMENT ID 41140 unable to geocode birth place: Mafs
WARNING - VOLUME 06 INTERMENT ID 41194 unable to geocode residence place: 35St Bet 8 Th & 9Th Av New York City New York United States
WARNING - VOLUME 06 INTERMENT ID 41237 unable to geocode birth place: Mafs
WARNING - VOLUME 06 INTERMENT ID 41237 unable to geocode residence place: Lauighn 13
WARNING - VOLUME 06 INTERMENT ID 41315 unable to geocode residence place: Cherry 339   Astonia
WARNING - VOLUME 06 INTERMENT ID 41382 unable to geocode birth place: Mafs
WARNING - VOLUME 06 INTERMENT ID 41405 unable to geocode death place: Ruips Co
WARNING - VOLUME 06 INTERMENT ID 41546 unable to geocode residence place: 59Th   United States
WARNING - VOLUME 06 INTERMENT ID 41593 unable to geocode death place: Harlen
WARNING - VOLUME 06 INTERMENT ID 41604 unable to parse death date: June 31, 1855
WARNING - VOLUME 06 INTERMENT ID 41605 unable to parse death date: June 31, 1855
WARNING - VOLUME 06 INTERMENT ID 41606 unable to parse death date: June 31, 1855
WARNING - VOLUME 06 INTERMENT ID 41612 unable to parse death date: June 31, 1855
WARNING - VOLUME 06 INTERMENT ID 41614 unable to parse death date: June 31, 1855
WARNING - VOLUME 06 INTERMENT ID 41615 unable to parse death date: June 31, 1855
WARNING - VOLUME 06 INTERMENT ID 41617 unable to parse death date: June 31, 1855
WARNING - VOLUME 06 INTERMENT ID 41636 unable to geocode residence place: Cor 50Th & Bway New York City New York United States
WARNING - VOLUME 06 INTERMENT ID 41668 unable to geocode birth place: Seig Seig
WARNING - VOLUME 06 INTERMENT ID 41765 unable to geocode residence place: West 16Th " 145 New York City New York United States
WARNING - VOLUME 06 INTERMENT ID 41937 unable to geocode residence place: Cranberry Av 85
WARNING - VOLUME 06 INTERMENT ID 41938 unable to geocode residence place: Cranberry Av 85
WARNING - VOLUME 06 INTERMENT ID 41939 unable to geocode residence place: Cranberry Av 85
WARNING - VOLUME 06 INTERMENT ID 41944 unable to geocode residence place: Cor Hayt & Douglass New York City New York United States
WARNING - VOLUME 06 INTERMENT ID 42051 unable to geocode residence place: Cor Smith & Baltic New York City New York United States
WARNING - VOLUME 06 INTERMENT ID 42083 unable to geocode residence place: Cor 8Th Av & 1St Av New York City New York United States
WARNING - VOLUME 06 INTERMENT ID 42092 unable to geocode residence place: Cor 49Th Av & 9Th Av New York City New York United States
WARNING - VOLUME 06 INTERMENT ID 42107 unable to geocode death place: Stamfora Caum
WARNING - VOLUME 06 INTERMENT ID 42117 unable to geocode residence place: Cov 7Th Av & 15Th Av New York City New York United States
WARNING - VOLUME 06 INTERMENT ID 42125 unable to geocode residence place: Cov 4Th Av & 31St Av New York City New York United States
WARNING - VOLUME 06 INTERMENT ID 42253 unable to geocode residence place: Cor Delancy & Rivington New York City New York United States
WARNING - VOLUME 06 INTERMENT ID 42267 unable to geocode residence place: Cor Gates & Bedford Ave New York City New York United States
WARNING - VOLUME 06 INTERMENT ID 42270 unable to geocode residence place: Essex 85   France
WARNING - VOLUME 06 INTERMENT ID 42278 unable to geocode residence place: Rose 13 New York City New York United States
WARNING - VOLUME 06 INTERMENT ID 42383 unable to geocode residence place: Esset 132 New York City New York United States
WARNING - VOLUME 06 INTERMENT ID 42402 unable to geocode residence place: Cherry 91   Kingslandvill
WARNING - VOLUME 06 INTERMENT ID 42413 unable to geocode residence place: 4Th 126   Youkers
WARNING - VOLUME 06 INTERMENT ID 42436 unable to geocode birth place: Mousaania
WARNING - VOLUME 06 INTERMENT ID 42481 unable to geocode birth place: Wafs
WARNING - VOLUME 06 INTERMENT ID 42488 unable to geocode residence place: Cor Amos & Washington New York City New York United States
WARNING - VOLUME 06 INTERMENT ID 42572 unable to geocode birth place: Mafs
WARNING - VOLUME 06 INTERMENT ID 42772 unable to geocode residence place: Cor Van Brunt & Dyke New York City New York United States
WARNING - VOLUME 06 INTERMENT ID 42894 unable to geocode residence place: Cor Vandom & Varick New York City New York United States
WARNING - VOLUME 06 INTERMENT ID 42975 unable to geocode death place: Key Rost  United States
WARNING - VOLUME 06 INTERMENT ID 42998 unable to geocode birth place: Mafs  United States
WARNING - VOLUME 06 INTERMENT ID 43047 unable to geocode death place: Wheatsheaf  United States
WARNING - VOLUME 06 INTERMENT ID 43265 unable to geocode residence place: Cor 2 & South 3Rd New York City New York United States
WARNING - VOLUME 06 INTERMENT ID 43291 unable to geocode residence place: 3Rd Avenue Communipan
WARNING - VOLUME 06 INTERMENT ID 43294 unable to geocode birth place: Mafs
WARNING - VOLUME 06 INTERMENT ID 43294 unable to geocode residence place: 85Th Mafs
WARNING - VOLUME 06 INTERMENT ID 43294 unable to geocode death place: Mafs
WARNING - VOLUME 06 INTERMENT ID 43300 unable to geocode residence place: Cor 59Th & 2 Av New York City New York United States
WARNING - VOLUME 06 INTERMENT ID 43320 unable to geocode residence place: 9Th Bet 2Nd & 3Rd Av New York City New York United States
WARNING - VOLUME 06 INTERMENT ID 43333 unable to geocode birth place: New Harland
WARNING - VOLUME 06 INTERMENT ID 43348 unable to geocode residence place: Cor 32Rd & 3Rd New York City New York United States
WARNING - VOLUME 06 INTERMENT ID 43404 unable to geocode residence place: Cov 23Rd St & 6Th Av New York City New York United States
WARNING - VOLUME 06 INTERMENT ID 43423 unable to geocode birth place: Baston Mafs United States
WARNING - VOLUME 06 INTERMENT ID 43445 unable to parse death date: September 31, 1855
WARNING - VOLUME 06 INTERMENT ID 43446 unable to parse death date: September 31, 1855
WARNING - VOLUME 06 INTERMENT ID 43449 unable to parse death date: September 31, 1855
WARNING - VOLUME 06 INTERMENT ID 43450 unable to parse death date: September 31, 1855
WARNING - VOLUME 06 INTERMENT ID 43451 unable to parse death date: September 31, 1855
WARNING - VOLUME 06 INTERMENT ID 43454 unable to geocode residence place: Anandago
WARNING - VOLUME 06 INTERMENT ID 43454 unable to parse death date: September 31, 1855
WARNING - VOLUME 06 INTERMENT ID 43457 unable to parse death date: September 31, 1855
WARNING - VOLUME 06 INTERMENT ID 43467 unable to parse death date: September 31, 1855
WARNING - VOLUME 06 INTERMENT ID 43472 unable to parse death date: September 31, 1855
WARNING - VOLUME 06 INTERMENT ID 43476 unable to parse death date: September 31, 1855
WARNING - VOLUME 06 INTERMENT ID 43499 unable to parse death date: September 31, 1855
WARNING - VOLUME 06 INTERMENT ID 43500 unable to parse death date: September 31, 1855
WARNING - VOLUME 06 INTERMENT ID 43529 unable to geocode residence place: Dayle 13 New York City New York United States
WARNING - VOLUME 06 INTERMENT ID 43540 unable to geocode residence place: Band 24
WARNING - VOLUME 06 INTERMENT ID 43579 unable to geocode residence place: Cor Nevius & Fulton New York City New York United States
WARNING - VOLUME 06 INTERMENT ID 43657 unable to geocode residence place: President New York City New York United States
WARNING - VOLUME 06 INTERMENT ID 43762 unable to geocode death place: Mystive
WARNING - VOLUME 06 INTERMENT ID 43797 unable to geocode birth place: Huntsbudge
WARNING - VOLUME 06 INTERMENT ID 43797 unable to geocode residence place: Av C Av 28  Hunter Bridge
WARNING - VOLUME 06 INTERMENT ID 43827 unable to geocode residence place: Cor Doughty & Elizabeth New York City New York United States
WARNING - VOLUME 06 INTERMENT ID 43948 unable to geocode death place: Fredomee  United States
WARNING - VOLUME 06 INTERMENT ID 44080 unable to geocode residence place: Centre 116
WARNING - VOLUME 06 INTERMENT ID 44099 unable to geocode residence place: 14Th Av Bet 2Nd & 3Rd Av New York City New York United States
WARNING - VOLUME 06 INTERMENT ID 44151 unable to geocode death place: Bolville
WARNING - VOLUME 06 INTERMENT ID 44276 unable to geocode birth place: Mafs
WARNING - VOLUME 06 INTERMENT ID 44353 unable to geocode birth place: Mafs
WARNING - VOLUME 06 INTERMENT ID 44424 unable to geocode birth place: Mafs
WARNING - VOLUME 06 INTERMENT ID 44434 unable to geocode birth place: Mafs
WARNING - VOLUME 06 INTERMENT ID 44444 unable geocode residence place: Goerck " 125   Astonia
WARNING - VOLUME 06 INTERMENT ID 44512 unable geocode residence place: Pike " 38   Cypress Hills
WARNING - VOLUME 06 INTERMENT ID 44513 unable to geocode residence place: Pike " 38   Cypress Hills
WARNING - VOLUME 06 INTERMENT ID 44514 unable to geocode residence place: Pike " 38   Cypress Hills
WARNING - VOLUME 06 INTERMENT ID 44522 unable to parse death date: November 31, 1855
WARNING - VOLUME 06 INTERMENT ID 44523 unable to parse death date: November 31, 1855
WARNING - VOLUME 06 INTERMENT ID 44524 unable to parse death date: November 31, 1855
WARNING - VOLUME 06 INTERMENT ID 44526 unable to parse death date: November 31, 1855
WARNING - VOLUME 06 INTERMENT ID 44528 unable to parse death date: November 31, 1855
WARNING - VOLUME 06 INTERMENT ID 44529 unable to parse death date: November 31, 1855
WARNING - VOLUME 06 INTERMENT ID 44531 unable to parse death date: November 31, 1855
WARNING - VOLUME 06 INTERMENT ID 44551 unable to parse death date: November 31, 1855
WARNING - VOLUME 06 INTERMENT ID 44556 unable to parse death date: November 31, 1855
WARNING - VOLUME 06 INTERMENT ID 44895 unable geocode residence place: Jane 40   Sandwich Island
WARNING - VOLUME 06 INTERMENT ID 45213 unable to geocode birth place: Mafs
WARNING - VOLUME 06 INTERMENT ID 45234 unable to geocode birth place: Mafs
WARNING - VOLUME 06 INTERMENT ID 45275 unable geocode death place: Moiresania  United States
WARNING - VOLUME 06 INTERMENT ID 45422 unable geocode residence place: Lamartin Place 19 Mafs
WARNING - VOLUME 06 INTERMENT ID 45423 unable geocode residence place: Lamartin Place 19   Germany
WARNING - VOLUME 06 INTERMENT ID 45424 unable to geocode residence place: Lamartin Place 19   Germany
WARNING - VOLUME 06 INTERMENT ID 45451 unable to geocode birth place: Mafs
WARNING - VOLUME 06 INTERMENT ID 45623 unable to geocode residence place: President New York City New York United States
WARNING - VOLUME 06 INTERMENT ID 45847 unable geocode residence place: Lington Av 13 New York City New York United States
WARNING - VOLUME 06 INTERMENT ID 45872 unable geocode residence place: East 21St 222 New York City New York United States
WARNING - VOLUME 06 INTERMENT ID 46013 unable geocode residence place: Marion Av 41 New York City New York United States
WARNING - VOLUME 06 INTERMENT ID 46041 unable geocode residence place: Stanton Av 100 New York City New York United States
WARNING - VOLUME 06 INTERMENT ID 46137 unable geocode residence place: Front Av 232 New York City New York United States
WARNING - VOLUME 06 INTERMENT ID 46352 unable geocode residence place: Cov 15Th & Av 13 New York City New York United States
WARNING - VOLUME 06 INTERMENT ID 46486 unable geocode residence place: Mouisannia
WARNING - VOLUME 06 INTERMENT ID 46486 unable to geocode death place: Mouisannia
WARNING - VOLUME 06 INTERMENT ID 46534 unable geocode residence place: Asylum Bloomingdale  United States
WARNING - VOLUME 06 INTERMENT ID 46672 unable to geocode birth place: Mafs
WARNING - VOLUME 06 INTERMENT ID 46902 unable geocode residence place: 21 St Sn New York City New York United States
WARNING - VOLUME 06 INTERMENT ID 46961 unable geocode residence place: Astonia United New Kazakhstan
WARNING - VOLUME 06 INTERMENT ID 46961 unable to geocode death place: Astonia United New Kazakhstan
WARNING - VOLUME 06 INTERMENT ID 47047 unable to parse death date: April 31, 1856
WARNING - VOLUME 06 INTERMENT ID 47099 unable to parse death date: April 31, 1856
WARNING - VOLUME 06 INTERMENT ID 47100 unable to parse death date: April 31, 1856
WARNING - VOLUME 06 INTERMENT ID 47287 unable geocode death place: Sausing Burgh  United States
WARNING - VOLUME 06 INTERMENT ID 47407 unable geocode residence place: Cornelin 13 New York City New York United States
WARNING - VOLUME 06 INTERMENT ID 47422 unable geocode death place: Buenss Ayer
WARNING - VOLUME 06 INTERMENT ID 47494 unable geocode residence place: Combidgepoet Mafe  United States
WARNING - VOLUME 06 INTERMENT ID 47494 unable to geocode death place: Combidgepoet Mafe  United States
WARNING - VOLUME 06 INTERMENT ID 47525 unable geocode residence place: Lawerneo 76 Alms Haven  United States
WARNING - VOLUME 06 INTERMENT ID 47691 unable geocode death place: Syack  United States
WARNING - VOLUME 06 INTERMENT ID 48226 unable to parse death date: June 31, 1856
WARNING - VOLUME 06 INTERMENT ID 48227 unable to parse death date: June 31, 1856
WARNING - VOLUME 06 INTERMENT ID 48234 unable to geocode residence place: President New York City New York United States
WARNING - VOLUME 06 INTERMENT ID 48250 unable to parse death date: June 31, 1856
WARNING - VOLUME 06 INTERMENT ID 48323 unable to geocode birth place: Mafs
WARNING - VOLUME 06 INTERMENT ID 48403 unable geocode residence place: Willett 68   At Sea
WARNING - VOLUME 06 INTERMENT ID 48407 unable geocode residence place: South Av 223   Cuba
WARNING - VOLUME 06 INTERMENT ID 48446 unable to geocode birth place: Mafs
WARNING - VOLUME 06 INTERMENT ID 48446 unable geocode residence place: West 15Th 228 Mafs  United States
WARNING - VOLUME 06 INTERMENT ID 48446 unable to geocode death place: Mafs  United States
WARNING - VOLUME 06 INTERMENT ID 48500 unable to geocode birth place: Mafs
WARNING - VOLUME 06 INTERMENT ID 48554 unable geocode residence place: Havston 237 New York City New York United States
WARNING - VOLUME 06 INTERMENT ID 48737 unable to geocode birth place: Astonia L L
WARNING - VOLUME 06 INTERMENT ID 48759 unable geocode residence place: Green Paint New York City New York United States
WARNING - VOLUME 06 INTERMENT ID 48784 unable geocode residence place: 2 Av 84 Youkens
WARNING - VOLUME 06 INTERMENT ID 48852 unable geocode residence place: West 25Th 124 New York City New York United States
WARNING - VOLUME 06 INTERMENT ID 48855 unable geocode residence place: Bark Theresa Av Seamans Retreat  United States
WARNING - VOLUME 06 INTERMENT ID 48855 unable geocode death place: Seamans Retreat  United States
WARNING - VOLUME 06 INTERMENT ID 49001 unable geocode residence place: West 16Th 130 New York City New York United States
WARNING - VOLUME 06 INTERMENT ID 49046 unable to geocode residence place: Rose 13 New York City New York United States
WARNING - VOLUME 06 INTERMENT ID 49213 unable geocode residence place: Peane 50 New York City New York United States
WARNING - VOLUME 06 INTERMENT ID 49358 unable geocode residence place: Rose 12 New York City New York United States
WARNING - VOLUME 06 INTERMENT ID 49361 unable to parse death date: September 31, 1856
WARNING - VOLUME 06 INTERMENT ID 49412 unable geocode residence place: Fulton 327 1/02 New York City New York United States
WARNING - VOLUME 06 INTERMENT ID 49587 unable geocode residence place: Degree 107 New York City New York United States
WARNING - VOLUME 06 INTERMENT ID 49609 unable geocode residence place: Rush   Switzerland
WARNING - VOLUME 06 INTERMENT ID 49705 unable geocode death place: Mystie Bridge Co
WARNING - VOLUME 06 INTERMENT ID 49739 unable geocode residence place: Wadison 107 New York City New York United States
WARNING - VOLUME 06 INTERMENT ID 49842 unable geocode residence place: Bloomfield Avenue 28 New Jersey New Jersey United States
