WARNING - VOLUME 05 INTERMENT ID 32689 unable to parse death date: April 31, 1854
WARNING - VOLUME 05 INTERMENT ID 32705 unable to parse death date: April 31, 1854
WARNING - VOLUME 05 INTERMENT ID 32752 unable to parse death date: April 31, 1854
WARNING - VOLUME 05 INTERMENT ID 33167 can't geocode birth place: Georgia  United Kingdom
WARNING - VOLUME 05 INTERMENT ID 33357 can't geocode birth place: Sportscoach  United States
WARNING - VOLUME 05 INTERMENT ID 34269 unable to parse death date: June 31, 1854
WARNING - VOLUME 05 INTERMENT ID 34270 unable to parse death date: June 31, 1854
WARNING - VOLUME 05 INTERMENT ID 34366 can't geocode birth place: Hafsia  France
WARNING - VOLUME 05 INTERMENT ID 34584 can't geocode birth place: Martiuregue Westlandia  United States
WARNING - VOLUME 05 INTERMENT ID 34631 can't geocode birth place: Thrited States
WARNING - VOLUME 05 INTERMENT ID 35163 can't geocode birth place: Arleaus
WARNING - VOLUME 05 INTERMENT ID 35171 can't geocode birth place: Babylon Jel
WARNING - VOLUME 05 INTERMENT ID 35437 can't geocode birth place: Islanding Jersey  British
WARNING - VOLUME 05 INTERMENT ID 36153 can't geocode birth place: Bordertown  Finland
WARNING - VOLUME 05 INTERMENT ID 36680 unable to parse death date: September 31, 1854
WARNING - VOLUME 05 INTERMENT ID 36683 unable to parse death date: September 31, 1854
WARNING - VOLUME 05 INTERMENT ID 36687 unable to parse death date: August 0, 1854
WARNING - VOLUME 05 INTERMENT ID 36693 unable to parse death date: September 31, 1854
WARNING - VOLUME 05 INTERMENT ID 37074 unable to parse death date: August 0, 1854
WARNING - VOLUME 05 INTERMENT ID 37222 can't geocode birth place: Klattus
WARNING - VOLUME 05 INTERMENT ID 37443 can't geocode birth place: New Hampehui  United States
WARNING - VOLUME 05 INTERMENT ID 37635 can't geocode birth place: Wiseau Sam  United States
WARNING - VOLUME 05 INTERMENT ID 37714 can't geocode birth place: Mofs
WARNING - VOLUME 05 INTERMENT ID 37723 can't geocode birth place: Mofs
WARNING - VOLUME 05 INTERMENT ID 37764 can't geocode birth place: Mofs
WARNING - VOLUME 05 INTERMENT ID 37767 can't geocode birth place: Mofs
WARNING - VOLUME 05 INTERMENT ID 38005 unable to parse death date: November 31, 1854
WARNING - VOLUME 05 INTERMENT ID 38007 unable to parse death date: November 31, 1854
WARNING - VOLUME 05 INTERMENT ID 38010 unable to parse death date: November 31, 1854
WARNING - VOLUME 05 INTERMENT ID 38016 unable to parse death date: November 31, 1854
WARNING - VOLUME 05 INTERMENT ID 38019 unable to parse death date: November 31, 1854
WARNING - VOLUME 05 INTERMENT ID 38020 unable to parse death date: November 31, 1854
WARNING - VOLUME 05 INTERMENT ID 38021 unable to parse death date: November 31, 1854
WARNING - VOLUME 05 INTERMENT ID 38022 unable to parse death date: November 31, 1854
WARNING - VOLUME 05 INTERMENT ID 38024 unable to parse death date: November 31, 1854
WARNING - VOLUME 05 INTERMENT ID 39443 unable to parse death date: February 31, 1855
WARNING - VOLUME 05 INTERMENT ID 39444 unable to parse death date: February 31, 1855
WARNING - VOLUME 05 INTERMENT ID 39445 unable to parse death date: February 31, 1855
WARNING - VOLUME 05 INTERMENT ID 39452 unable to parse death date: February 31, 1855
WARNING - VOLUME 05 INTERMENT ID 39454 unable to parse death date: February 31, 1855
WARNING - VOLUME 05 INTERMENT ID 39459 unable to parse death date: February 30, 1855
WARNING - VOLUME 05 INTERMENT ID 40475 unable to parse death date: April 31, 1855
WARNING - VOLUME 05 INTERMENT ID 40476 unable to parse death date: April 31, 1855
WARNING - VOLUME 05 INTERMENT ID 40477 unable to parse death date: April 31, 1855
WARNING - VOLUME 05 INTERMENT ID 40507 unable to parse death date: April 31, 1855
WARNING - VOLUME 05 INTERMENT ID 40508 unable to parse death date: April 31, 1855
WARNING - VOLUME 05 INTERMENT ID 40511 unable to parse death date: April 31, 1855
WARNING - VOLUME 05 INTERMENT ID 40512 unable to parse death date: April 31, 1855
